2024-12-28T15:31:57.386+05:30  INFO 29576 --- [SMS] [main] com.cts.sms.SmsApplication               : Starting SmsApplication using Java 21.0.4 with PID 29576 (C:\Users\2370836\Documents\SchoolManagementSystem\SMS\target\classes started by 2370836 in C:\Users\2370836\Documents\SchoolManagementSystem\SMS)
2024-12-28T15:31:57.399+05:30  INFO 29576 --- [SMS] [main] com.cts.sms.SmsApplication               : No active profile set, falling back to 1 default profile: "default"
2024-12-28T15:31:59.096+05:30  INFO 29576 --- [SMS] [main] .s.d.r.c.RepositoryConfigurationDelegate : Bootstrapping Spring Data JPA repositories in DEFAULT mode.
2024-12-28T15:31:59.190+05:30  INFO 29576 --- [SMS] [main] .s.d.r.c.RepositoryConfigurationDelegate : Finished Spring Data repository scanning in 81 ms. Found 4 JPA repository interfaces.
2024-12-28T15:31:59.840+05:30  INFO 29576 --- [SMS] [main] o.s.b.w.embedded.tomcat.TomcatWebServer  : Tomcat initialized with port 9090 (http)
2024-12-28T15:31:59.858+05:30  INFO 29576 --- [SMS] [main] o.apache.catalina.core.StandardService   : Starting service [Tomcat]
2024-12-28T15:31:59.859+05:30  INFO 29576 --- [SMS] [main] o.apache.catalina.core.StandardEngine    : Starting Servlet engine: [Apache Tomcat/10.1.33]
2024-12-28T15:31:59.942+05:30  INFO 29576 --- [SMS] [main] o.a.c.c.C.[Tomcat].[localhost].[/]       : Initializing Spring embedded WebApplicationContext
2024-12-28T15:31:59.942+05:30  INFO 29576 --- [SMS] [main] w.s.c.ServletWebServerApplicationContext : Root WebApplicationContext: initialization completed in 2465 ms
2024-12-28T15:32:00.009+05:30  INFO 29576 --- [SMS] [main] com.cts.sms.service.JWTService           : Secret key generated
2024-12-28T15:32:00.211+05:30  INFO 29576 --- [SMS] [main] o.hibernate.jpa.internal.util.LogHelper  : HHH000204: Processing PersistenceUnitInfo [name: default]
2024-12-28T15:32:00.311+05:30  INFO 29576 --- [SMS] [main] org.hibernate.Version                    : HHH000412: Hibernate ORM core version 6.6.2.Final
2024-12-28T15:32:00.366+05:30  INFO 29576 --- [SMS] [main] o.h.c.internal.RegionFactoryInitiator    : HHH000026: Second-level cache disabled
2024-12-28T15:32:00.732+05:30  INFO 29576 --- [SMS] [main] o.s.o.j.p.SpringPersistenceUnitInfo      : No LoadTimeWeaver setup: ignoring JPA class transformer
2024-12-28T15:32:00.774+05:30  INFO 29576 --- [SMS] [main] com.zaxxer.hikari.HikariDataSource       : HikariPool-1 - Starting...
2024-12-28T15:32:00.781+05:30  WARN 29576 --- [SMS] [main] c.zaxxer.hikari.util.DriverDataSource    : Registered driver with driverClassName=com.mysql.jdbc.Driver was not found, trying direct instantiation.
2024-12-28T15:32:01.157+05:30  INFO 29576 --- [SMS] [main] com.zaxxer.hikari.pool.HikariPool        : HikariPool-1 - Added connection com.mysql.cj.jdbc.ConnectionImpl@280d6a20
2024-12-28T15:32:01.160+05:30  INFO 29576 --- [SMS] [main] com.zaxxer.hikari.HikariDataSource       : HikariPool-1 - Start completed.
2024-12-28T15:32:01.287+05:30  INFO 29576 --- [SMS] [main] org.hibernate.orm.connections.pooling    : HHH10001005: Database info:
	Database JDBC URL [Connecting through datasource 'HikariDataSource (HikariPool-1)']
	Database driver: undefined/unknown
	Database version: 8.4
	Autocommit mode: undefined/unknown
	Isolation level: undefined/unknown
	Minimum pool size: undefined/unknown
	Maximum pool size: undefined/unknown
2024-12-28T15:32:02.244+05:30  INFO 29576 --- [SMS] [main] o.h.m.i.EntityInstantiatorPojoStandard   : HHH000182: No default (no-argument) constructor for class: com.cts.sms.entity.Teacher (class must be instantiated by Interceptor)
2024-12-28T15:32:02.508+05:30  INFO 29576 --- [SMS] [main] o.h.e.t.j.p.i.JtaPlatformInitiator       : HHH000489: No JTA platform available (set 'hibernate.transaction.jta.platform' to enable JTA platform integration)
2024-12-28T15:32:02.596+05:30  INFO 29576 --- [SMS] [main] j.LocalContainerEntityManagerFactoryBean : Initialized JPA EntityManagerFactory for persistence unit 'default'
2024-12-28T15:32:02.979+05:30  INFO 29576 --- [SMS] [main] o.s.d.j.r.query.QueryEnhancerFactory     : Hibernate is in classpath; If applicable, HQL parser will be used.
2024-12-28T15:32:03.647+05:30  INFO 29576 --- [SMS] [main] eAuthenticationProviderManagerConfigurer : Global AuthenticationManager configured with AuthenticationProvider bean with name authenticationProvider
2024-12-28T15:32:03.647+05:30  WARN 29576 --- [SMS] [main] r$InitializeUserDetailsManagerConfigurer : Global AuthenticationManager configured with an AuthenticationProvider bean. UserDetailsService beans will not be used by Spring Security for automatically configuring username/password login. Consider removing the AuthenticationProvider bean. Alternatively, consider using the UserDetailsService in a manually instantiated DaoAuthenticationProvider. If the current configuration is intentional, to turn off this warning, increase the logging level of 'org.springframework.security.config.annotation.authentication.configuration.InitializeUserDetailsBeanManagerConfigurer' to ERROR
2024-12-28T15:32:03.676+05:30  WARN 29576 --- [SMS] [main] JpaBaseConfiguration$JpaWebConfiguration : spring.jpa.open-in-view is enabled by default. Therefore, database queries may be performed during view rendering. Explicitly configure spring.jpa.open-in-view to disable this warning
2024-12-28T15:32:04.313+05:30  INFO 29576 --- [SMS] [main] o.s.b.w.embedded.tomcat.TomcatWebServer  : Tomcat started on port 9090 (http) with context path '/'
2024-12-28T15:32:04.320+05:30  INFO 29576 --- [SMS] [main] com.cts.sms.SmsApplication               : Started SmsApplication in 7.466 seconds (process running for 8.687)
2024-12-28T15:32:04.322+05:30  INFO 29576 --- [SMS] [main] com.cts.sms.SmsApplication               : Welcome to School Management System
2024-12-28T15:32:04.322+05:30  INFO 29576 --- [SMS] [main] com.cts.sms.SmsApplication               : School Management System is started
2024-12-28T15:32:45.933+05:30  INFO 29576 --- [SMS] [http-nio-9090-exec-1] o.a.c.c.C.[Tomcat].[localhost].[/]       : Initializing Spring DispatcherServlet 'dispatcherServlet'
2024-12-28T15:32:45.934+05:30  INFO 29576 --- [SMS] [http-nio-9090-exec-1] o.s.web.servlet.DispatcherServlet        : Initializing Servlet 'dispatcherServlet'
2024-12-28T15:32:45.937+05:30  INFO 29576 --- [SMS] [http-nio-9090-exec-1] o.s.web.servlet.DispatcherServlet        : Completed initialization in 3 ms
2024-12-28T15:32:46.279+05:30  INFO 29576 --- [SMS] [http-nio-9090-exec-1] com.cts.sms.controller.UserController    : Login Process Started
2024-12-28T15:32:46.280+05:30  INFO 29576 --- [SMS] [http-nio-9090-exec-1] com.cts.sms.controller.UserController    : Verification started
2024-12-28T15:33:07.039+05:30  INFO 29576 --- [SMS] [RMI TCP Connection(9)-127.0.0.1] inMXBeanRegistrar$SpringApplicationAdmin : Application shutdown requested.
2024-12-28T15:33:07.044+05:30  INFO 29576 --- [SMS] [RMI TCP Connection(9)-127.0.0.1] o.s.b.w.e.tomcat.GracefulShutdown        : Commencing graceful shutdown. Waiting for active requests to complete
2024-12-28T15:33:07.049+05:30  INFO 29576 --- [SMS] [tomcat-shutdown] o.s.b.w.e.tomcat.GracefulShutdown        : Graceful shutdown complete
2024-12-28T15:33:07.053+05:30  INFO 29576 --- [SMS] [RMI TCP Connection(9)-127.0.0.1] j.LocalContainerEntityManagerFactoryBean : Closing JPA EntityManagerFactory for persistence unit 'default'
2024-12-28T15:33:07.075+05:30  INFO 29576 --- [SMS] [RMI TCP Connection(9)-127.0.0.1] com.zaxxer.hikari.HikariDataSource       : HikariPool-1 - Shutdown initiated...
2024-12-28T15:33:07.084+05:30  INFO 29576 --- [SMS] [RMI TCP Connection(9)-127.0.0.1] com.zaxxer.hikari.HikariDataSource       : HikariPool-1 - Shutdown completed.
2024-12-28T15:33:18.626+05:30  INFO 11164 --- [SMS] [main] com.cts.sms.SmsApplication               : Starting SmsApplication using Java 21.0.4 with PID 11164 (C:\Users\2370836\Documents\SchoolManagementSystem\SMS\target\classes started by 2370836 in C:\Users\2370836\Documents\SchoolManagementSystem\SMS)
2024-12-28T15:33:18.629+05:30  INFO 11164 --- [SMS] [main] com.cts.sms.SmsApplication               : No active profile set, falling back to 1 default profile: "default"
2024-12-28T15:33:19.382+05:30  INFO 11164 --- [SMS] [main] .s.d.r.c.RepositoryConfigurationDelegate : Bootstrapping Spring Data JPA repositories in DEFAULT mode.
2024-12-28T15:33:19.449+05:30  INFO 11164 --- [SMS] [main] .s.d.r.c.RepositoryConfigurationDelegate : Finished Spring Data repository scanning in 56 ms. Found 4 JPA repository interfaces.
2024-12-28T15:33:19.939+05:30  INFO 11164 --- [SMS] [main] o.s.b.w.embedded.tomcat.TomcatWebServer  : Tomcat initialized with port 9090 (http)
2024-12-28T15:33:19.953+05:30  INFO 11164 --- [SMS] [main] o.apache.catalina.core.StandardService   : Starting service [Tomcat]
2024-12-28T15:33:19.954+05:30  INFO 11164 --- [SMS] [main] o.apache.catalina.core.StandardEngine    : Starting Servlet engine: [Apache Tomcat/10.1.33]
2024-12-28T15:33:20.017+05:30  INFO 11164 --- [SMS] [main] o.a.c.c.C.[Tomcat].[localhost].[/]       : Initializing Spring embedded WebApplicationContext
2024-12-28T15:33:20.017+05:30  INFO 11164 --- [SMS] [main] w.s.c.ServletWebServerApplicationContext : Root WebApplicationContext: initialization completed in 1337 ms
2024-12-28T15:33:20.034+05:30  INFO 11164 --- [SMS] [main] com.cts.sms.service.JWTService           : Secret key generated
2024-12-28T15:33:20.172+05:30  INFO 11164 --- [SMS] [main] o.hibernate.jpa.internal.util.LogHelper  : HHH000204: Processing PersistenceUnitInfo [name: default]
2024-12-28T15:33:20.228+05:30  INFO 11164 --- [SMS] [main] org.hibernate.Version                    : HHH000412: Hibernate ORM core version 6.6.2.Final
2024-12-28T15:33:20.260+05:30  INFO 11164 --- [SMS] [main] o.h.c.internal.RegionFactoryInitiator    : HHH000026: Second-level cache disabled
2024-12-28T15:33:20.534+05:30  INFO 11164 --- [SMS] [main] o.s.o.j.p.SpringPersistenceUnitInfo      : No LoadTimeWeaver setup: ignoring JPA class transformer
2024-12-28T15:33:20.568+05:30  INFO 11164 --- [SMS] [main] com.zaxxer.hikari.HikariDataSource       : HikariPool-1 - Starting...
2024-12-28T15:33:20.570+05:30  WARN 11164 --- [SMS] [main] c.zaxxer.hikari.util.DriverDataSource    : Registered driver with driverClassName=com.mysql.jdbc.Driver was not found, trying direct instantiation.
2024-12-28T15:33:20.875+05:30  INFO 11164 --- [SMS] [main] com.zaxxer.hikari.pool.HikariPool        : HikariPool-1 - Added connection com.mysql.cj.jdbc.ConnectionImpl@459e120b
2024-12-28T15:33:20.885+05:30  INFO 11164 --- [SMS] [main] com.zaxxer.hikari.HikariDataSource       : HikariPool-1 - Start completed.
2024-12-28T15:33:20.970+05:30  INFO 11164 --- [SMS] [main] org.hibernate.orm.connections.pooling    : HHH10001005: Database info:
	Database JDBC URL [Connecting through datasource 'HikariDataSource (HikariPool-1)']
	Database driver: undefined/unknown
	Database version: 8.4
	Autocommit mode: undefined/unknown
	Isolation level: undefined/unknown
	Minimum pool size: undefined/unknown
	Maximum pool size: undefined/unknown
2024-12-28T15:33:21.843+05:30  INFO 11164 --- [SMS] [main] o.h.m.i.EntityInstantiatorPojoStandard   : HHH000182: No default (no-argument) constructor for class: com.cts.sms.entity.Teacher (class must be instantiated by Interceptor)
2024-12-28T15:33:22.084+05:30  INFO 11164 --- [SMS] [main] o.h.e.t.j.p.i.JtaPlatformInitiator       : HHH000489: No JTA platform available (set 'hibernate.transaction.jta.platform' to enable JTA platform integration)
2024-12-28T15:33:22.185+05:30  INFO 11164 --- [SMS] [main] j.LocalContainerEntityManagerFactoryBean : Initialized JPA EntityManagerFactory for persistence unit 'default'
2024-12-28T15:33:22.525+05:30  INFO 11164 --- [SMS] [main] o.s.d.j.r.query.QueryEnhancerFactory     : Hibernate is in classpath; If applicable, HQL parser will be used.
2024-12-28T15:33:23.090+05:30  INFO 11164 --- [SMS] [main] eAuthenticationProviderManagerConfigurer : Global AuthenticationManager configured with AuthenticationProvider bean with name authenticationProvider
2024-12-28T15:33:23.091+05:30  WARN 11164 --- [SMS] [main] r$InitializeUserDetailsManagerConfigurer : Global AuthenticationManager configured with an AuthenticationProvider bean. UserDetailsService beans will not be used by Spring Security for automatically configuring username/password login. Consider removing the AuthenticationProvider bean. Alternatively, consider using the UserDetailsService in a manually instantiated DaoAuthenticationProvider. If the current configuration is intentional, to turn off this warning, increase the logging level of 'org.springframework.security.config.annotation.authentication.configuration.InitializeUserDetailsBeanManagerConfigurer' to ERROR
2024-12-28T15:33:23.111+05:30  WARN 11164 --- [SMS] [main] JpaBaseConfiguration$JpaWebConfiguration : spring.jpa.open-in-view is enabled by default. Therefore, database queries may be performed during view rendering. Explicitly configure spring.jpa.open-in-view to disable this warning
2024-12-28T15:33:23.624+05:30  INFO 11164 --- [SMS] [main] o.s.b.w.embedded.tomcat.TomcatWebServer  : Tomcat started on port 9090 (http) with context path '/'
2024-12-28T15:33:23.631+05:30  INFO 11164 --- [SMS] [main] com.cts.sms.SmsApplication               : Started SmsApplication in 5.485 seconds (process running for 6.282)
2024-12-28T15:33:23.634+05:30  INFO 11164 --- [SMS] [main] com.cts.sms.SmsApplication               : Welcome to School Management System
2024-12-28T15:33:23.634+05:30  INFO 11164 --- [SMS] [main] com.cts.sms.SmsApplication               : School Management System is started
2024-12-28T15:33:35.410+05:30  INFO 11164 --- [SMS] [http-nio-9090-exec-2] o.a.c.c.C.[Tomcat].[localhost].[/]       : Initializing Spring DispatcherServlet 'dispatcherServlet'
2024-12-28T15:33:35.412+05:30  INFO 11164 --- [SMS] [http-nio-9090-exec-2] o.s.web.servlet.DispatcherServlet        : Initializing Servlet 'dispatcherServlet'
2024-12-28T15:33:35.414+05:30  INFO 11164 --- [SMS] [http-nio-9090-exec-2] o.s.web.servlet.DispatcherServlet        : Completed initialization in 2 ms
2024-12-28T15:33:35.712+05:30  INFO 11164 --- [SMS] [http-nio-9090-exec-2] com.cts.sms.controller.UserController    : Login Process Started
2024-12-28T15:33:35.713+05:30  INFO 11164 --- [SMS] [http-nio-9090-exec-2] com.cts.sms.controller.UserController    : Verification started
2024-12-28T15:33:37.360+05:30  INFO 11164 --- [SMS] [http-nio-9090-exec-2] com.cts.sms.controller.UserController    : Verification done now checking for authentication
2024-12-28T15:33:37.360+05:30  INFO 11164 --- [SMS] [http-nio-9090-exec-2] com.cts.sms.controller.UserController    : User Details Found
2024-12-28T15:33:37.360+05:30  INFO 11164 --- [SMS] [http-nio-9090-exec-2] com.cts.sms.controller.UserController    : Authentication Successfull
2024-12-28T15:33:37.546+05:30  INFO 11164 --- [SMS] [http-nio-9090-exec-2] com.cts.sms.service.JWTService           : p/I9942yvcHTYO4dyZEcefugn3cvI6u+aa7SsFHU6FI=
2024-12-28T15:33:47.600+05:30  INFO 11164 --- [SMS] [RMI TCP Connection(4)-127.0.0.1] inMXBeanRegistrar$SpringApplicationAdmin : Application shutdown requested.
2024-12-28T15:33:47.605+05:30  INFO 11164 --- [SMS] [RMI TCP Connection(4)-127.0.0.1] o.s.b.w.e.tomcat.GracefulShutdown        : Commencing graceful shutdown. Waiting for active requests to complete
2024-12-28T15:33:47.612+05:30  INFO 11164 --- [SMS] [tomcat-shutdown] o.s.b.w.e.tomcat.GracefulShutdown        : Graceful shutdown complete
2024-12-28T15:33:47.617+05:30  INFO 11164 --- [SMS] [RMI TCP Connection(4)-127.0.0.1] j.LocalContainerEntityManagerFactoryBean : Closing JPA EntityManagerFactory for persistence unit 'default'
2024-12-28T15:33:47.619+05:30  INFO 11164 --- [SMS] [RMI TCP Connection(4)-127.0.0.1] com.zaxxer.hikari.HikariDataSource       : HikariPool-1 - Shutdown initiated...
2024-12-28T15:33:47.627+05:30  INFO 11164 --- [SMS] [RMI TCP Connection(4)-127.0.0.1] com.zaxxer.hikari.HikariDataSource       : HikariPool-1 - Shutdown completed.
2024-12-28T15:34:18.619+05:30  INFO 19076 --- [SMS] [main] com.cts.sms.SmsApplication               : Starting SmsApplication using Java 21.0.4 with PID 19076 (C:\Users\2370836\Documents\SchoolManagementSystem\SMS\target\classes started by 2370836 in C:\Users\2370836\Documents\SchoolManagementSystem\SMS)
2024-12-28T15:34:18.622+05:30  INFO 19076 --- [SMS] [main] com.cts.sms.SmsApplication               : No active profile set, falling back to 1 default profile: "default"
2024-12-28T15:34:19.388+05:30  INFO 19076 --- [SMS] [main] .s.d.r.c.RepositoryConfigurationDelegate : Bootstrapping Spring Data JPA repositories in DEFAULT mode.
2024-12-28T15:34:19.462+05:30  INFO 19076 --- [SMS] [main] .s.d.r.c.RepositoryConfigurationDelegate : Finished Spring Data repository scanning in 57 ms. Found 4 JPA repository interfaces.
2024-12-28T15:34:19.979+05:30  INFO 19076 --- [SMS] [main] o.s.b.w.embedded.tomcat.TomcatWebServer  : Tomcat initialized with port 9090 (http)
2024-12-28T15:34:19.996+05:30  INFO 19076 --- [SMS] [main] o.apache.catalina.core.StandardService   : Starting service [Tomcat]
2024-12-28T15:34:19.996+05:30  INFO 19076 --- [SMS] [main] o.apache.catalina.core.StandardEngine    : Starting Servlet engine: [Apache Tomcat/10.1.33]
2024-12-28T15:34:20.063+05:30  INFO 19076 --- [SMS] [main] o.a.c.c.C.[Tomcat].[localhost].[/]       : Initializing Spring embedded WebApplicationContext
2024-12-28T15:34:20.064+05:30  INFO 19076 --- [SMS] [main] w.s.c.ServletWebServerApplicationContext : Root WebApplicationContext: initialization completed in 1388 ms
2024-12-28T15:34:20.084+05:30  INFO 19076 --- [SMS] [main] com.cts.sms.service.JWTService           : Secret key generated
2024-12-28T15:34:20.222+05:30  INFO 19076 --- [SMS] [main] o.hibernate.jpa.internal.util.LogHelper  : HHH000204: Processing PersistenceUnitInfo [name: default]
2024-12-28T15:34:20.284+05:30  INFO 19076 --- [SMS] [main] org.hibernate.Version                    : HHH000412: Hibernate ORM core version 6.6.2.Final
2024-12-28T15:34:20.320+05:30  INFO 19076 --- [SMS] [main] o.h.c.internal.RegionFactoryInitiator    : HHH000026: Second-level cache disabled
2024-12-28T15:34:20.615+05:30  INFO 19076 --- [SMS] [main] o.s.o.j.p.SpringPersistenceUnitInfo      : No LoadTimeWeaver setup: ignoring JPA class transformer
2024-12-28T15:34:20.656+05:30  INFO 19076 --- [SMS] [main] com.zaxxer.hikari.HikariDataSource       : HikariPool-1 - Starting...
2024-12-28T15:34:20.660+05:30  WARN 19076 --- [SMS] [main] c.zaxxer.hikari.util.DriverDataSource    : Registered driver with driverClassName=com.mysql.jdbc.Driver was not found, trying direct instantiation.
2024-12-28T15:34:21.005+05:30  INFO 19076 --- [SMS] [main] com.zaxxer.hikari.pool.HikariPool        : HikariPool-1 - Added connection com.mysql.cj.jdbc.ConnectionImpl@57927bc9
2024-12-28T15:34:21.008+05:30  INFO 19076 --- [SMS] [main] com.zaxxer.hikari.HikariDataSource       : HikariPool-1 - Start completed.
2024-12-28T15:34:21.095+05:30  INFO 19076 --- [SMS] [main] org.hibernate.orm.connections.pooling    : HHH10001005: Database info:
	Database JDBC URL [Connecting through datasource 'HikariDataSource (HikariPool-1)']
	Database driver: undefined/unknown
	Database version: 8.4
	Autocommit mode: undefined/unknown
	Isolation level: undefined/unknown
	Minimum pool size: undefined/unknown
	Maximum pool size: undefined/unknown
2024-12-28T15:34:21.974+05:30  INFO 19076 --- [SMS] [main] o.h.m.i.EntityInstantiatorPojoStandard   : HHH000182: No default (no-argument) constructor for class: com.cts.sms.entity.Teacher (class must be instantiated by Interceptor)
2024-12-28T15:34:22.260+05:30  INFO 19076 --- [SMS] [main] o.h.e.t.j.p.i.JtaPlatformInitiator       : HHH000489: No JTA platform available (set 'hibernate.transaction.jta.platform' to enable JTA platform integration)
2024-12-28T15:34:22.363+05:30  INFO 19076 --- [SMS] [main] j.LocalContainerEntityManagerFactoryBean : Initialized JPA EntityManagerFactory for persistence unit 'default'
2024-12-28T15:34:22.690+05:30  INFO 19076 --- [SMS] [main] o.s.d.j.r.query.QueryEnhancerFactory     : Hibernate is in classpath; If applicable, HQL parser will be used.
2024-12-28T15:34:23.260+05:30  INFO 19076 --- [SMS] [main] eAuthenticationProviderManagerConfigurer : Global AuthenticationManager configured with AuthenticationProvider bean with name authenticationProvider
2024-12-28T15:34:23.261+05:30  WARN 19076 --- [SMS] [main] r$InitializeUserDetailsManagerConfigurer : Global AuthenticationManager configured with an AuthenticationProvider bean. UserDetailsService beans will not be used by Spring Security for automatically configuring username/password login. Consider removing the AuthenticationProvider bean. Alternatively, consider using the UserDetailsService in a manually instantiated DaoAuthenticationProvider. If the current configuration is intentional, to turn off this warning, increase the logging level of 'org.springframework.security.config.annotation.authentication.configuration.InitializeUserDetailsBeanManagerConfigurer' to ERROR
2024-12-28T15:34:23.281+05:30  WARN 19076 --- [SMS] [main] JpaBaseConfiguration$JpaWebConfiguration : spring.jpa.open-in-view is enabled by default. Therefore, database queries may be performed during view rendering. Explicitly configure spring.jpa.open-in-view to disable this warning
2024-12-28T15:34:23.811+05:30  INFO 19076 --- [SMS] [main] o.s.b.w.embedded.tomcat.TomcatWebServer  : Tomcat started on port 9090 (http) with context path '/'
2024-12-28T15:34:23.818+05:30  INFO 19076 --- [SMS] [main] com.cts.sms.SmsApplication               : Started SmsApplication in 5.7 seconds (process running for 6.559)
2024-12-28T15:34:23.820+05:30  INFO 19076 --- [SMS] [main] com.cts.sms.SmsApplication               : Welcome to School Management System
2024-12-28T15:34:23.821+05:30  INFO 19076 --- [SMS] [main] com.cts.sms.SmsApplication               : School Management System is started
2024-12-28T15:34:36.094+05:30  INFO 19076 --- [SMS] [http-nio-9090-exec-2] o.a.c.c.C.[Tomcat].[localhost].[/]       : Initializing Spring DispatcherServlet 'dispatcherServlet'
2024-12-28T15:34:36.094+05:30  INFO 19076 --- [SMS] [http-nio-9090-exec-2] o.s.web.servlet.DispatcherServlet        : Initializing Servlet 'dispatcherServlet'
2024-12-28T15:34:36.098+05:30  INFO 19076 --- [SMS] [http-nio-9090-exec-2] o.s.web.servlet.DispatcherServlet        : Completed initialization in 4 ms
2024-12-28T15:34:36.159+05:30  INFO 19076 --- [SMS] [http-nio-9090-exec-2] com.cts.sms.filter.JwtFilter             : eyJhbGciOiJIUzI1NiJ9.eyJyb2xlcyI6WyJST0xFX0FETUlOIl0sInN1YiI6ImFkbWluIiwiaWF0IjoxNzM1MzgwMjE3LCJleHAiOjE3MzUzODM4MTd9.HMiL4XbUZj1oaaaxP2cvVB1iiV6leInzqZTz6YQmuKU
2024-12-28T15:34:36.160+05:30  INFO 19076 --- [SMS] [http-nio-9090-exec-2] com.cts.sms.service.JWTService           : Username extracted
2024-12-28T15:34:36.160+05:30  INFO 19076 --- [SMS] [http-nio-9090-exec-2] com.cts.sms.service.JWTService           : Extracting all the claims
2024-12-28T15:34:36.332+05:30  INFO 19076 --- [SMS] [http-nio-9090-exec-2] com.cts.sms.service.JWTService           : Kv1x6pz/P6JQDdubfOguE7ed4/jgFiAyzxM5CClcnAM=
2024-12-28T15:34:36.516+05:30 ERROR 19076 --- [SMS] [http-nio-9090-exec-2] o.a.c.c.C.[.[.[/].[dispatcherServlet]    : Servlet.service() for servlet [dispatcherServlet] in context with path [] threw exception

io.jsonwebtoken.security.SignatureException: JWT signature does not match locally computed signature. JWT validity cannot be asserted and should not be trusted.
	at io.jsonwebtoken.impl.DefaultJwtParser.verifySignature(DefaultJwtParser.java:340) ~[jjwt-impl-0.12.6.jar:0.12.6]
	at io.jsonwebtoken.impl.DefaultJwtParser.parse(DefaultJwtParser.java:579) ~[jjwt-impl-0.12.6.jar:0.12.6]
	at io.jsonwebtoken.impl.DefaultJwtParser.parse(DefaultJwtParser.java:364) ~[jjwt-impl-0.12.6.jar:0.12.6]
	at io.jsonwebtoken.impl.DefaultJwtParser.parse(DefaultJwtParser.java:94) ~[jjwt-impl-0.12.6.jar:0.12.6]
	at io.jsonwebtoken.impl.io.AbstractParser.parse(AbstractParser.java:36) ~[jjwt-impl-0.12.6.jar:0.12.6]
	at io.jsonwebtoken.impl.io.AbstractParser.parse(AbstractParser.java:29) ~[jjwt-impl-0.12.6.jar:0.12.6]
	at io.jsonwebtoken.impl.DefaultJwtParser.parseSignedClaims(DefaultJwtParser.java:830) ~[jjwt-impl-0.12.6.jar:0.12.6]
	at com.cts.sms.service.JWTService.extractAllClaims(JWTService.java:100) ~[classes/:na]
	at com.cts.sms.service.JWTService.extractClaim(JWTService.java:90) ~[classes/:na]
	at com.cts.sms.service.JWTService.extractUserName(JWTService.java:85) ~[classes/:na]
	at com.cts.sms.filter.JwtFilter.doFilterInternal(JwtFilter.java:47) ~[classes/:na]
	at org.springframework.web.filter.OncePerRequestFilter.doFilter(OncePerRequestFilter.java:116) ~[spring-web-6.2.0.jar:6.2.0]
	at org.springframework.security.web.FilterChainProxy$VirtualFilterChain.doFilter(FilterChainProxy.java:374) ~[spring-security-web-6.4.1.jar:6.4.1]
	at org.springframework.security.web.authentication.logout.LogoutFilter.doFilter(LogoutFilter.java:107) ~[spring-security-web-6.4.1.jar:6.4.1]
	at org.springframework.security.web.authentication.logout.LogoutFilter.doFilter(LogoutFilter.java:93) ~[spring-security-web-6.4.1.jar:6.4.1]
	at org.springframework.security.web.FilterChainProxy$VirtualFilterChain.doFilter(FilterChainProxy.java:374) ~[spring-security-web-6.4.1.jar:6.4.1]
	at org.springframework.security.web.header.HeaderWriterFilter.doHeadersAfter(HeaderWriterFilter.java:90) ~[spring-security-web-6.4.1.jar:6.4.1]
	at org.springframework.security.web.header.HeaderWriterFilter.doFilterInternal(HeaderWriterFilter.java:75) ~[spring-security-web-6.4.1.jar:6.4.1]
	at org.springframework.web.filter.OncePerRequestFilter.doFilter(OncePerRequestFilter.java:116) ~[spring-web-6.2.0.jar:6.2.0]
	at org.springframework.security.web.FilterChainProxy$VirtualFilterChain.doFilter(FilterChainProxy.java:374) ~[spring-security-web-6.4.1.jar:6.4.1]
	at org.springframework.security.web.context.SecurityContextHolderFilter.doFilter(SecurityContextHolderFilter.java:82) ~[spring-security-web-6.4.1.jar:6.4.1]
	at org.springframework.security.web.context.SecurityContextHolderFilter.doFilter(SecurityContextHolderFilter.java:69) ~[spring-security-web-6.4.1.jar:6.4.1]
	at org.springframework.security.web.FilterChainProxy$VirtualFilterChain.doFilter(FilterChainProxy.java:374) ~[spring-security-web-6.4.1.jar:6.4.1]
	at org.springframework.security.web.context.request.async.WebAsyncManagerIntegrationFilter.doFilterInternal(WebAsyncManagerIntegrationFilter.java:62) ~[spring-security-web-6.4.1.jar:6.4.1]
	at org.springframework.web.filter.OncePerRequestFilter.doFilter(OncePerRequestFilter.java:116) ~[spring-web-6.2.0.jar:6.2.0]
	at org.springframework.security.web.FilterChainProxy$VirtualFilterChain.doFilter(FilterChainProxy.java:374) ~[spring-security-web-6.4.1.jar:6.4.1]
	at org.springframework.security.web.session.DisableEncodeUrlFilter.doFilterInternal(DisableEncodeUrlFilter.java:42) ~[spring-security-web-6.4.1.jar:6.4.1]
	at org.springframework.web.filter.OncePerRequestFilter.doFilter(OncePerRequestFilter.java:116) ~[spring-web-6.2.0.jar:6.2.0]
	at org.springframework.security.web.FilterChainProxy$VirtualFilterChain.doFilter(FilterChainProxy.java:374) ~[spring-security-web-6.4.1.jar:6.4.1]
	at org.springframework.security.web.FilterChainProxy.doFilterInternal(FilterChainProxy.java:233) ~[spring-security-web-6.4.1.jar:6.4.1]
	at org.springframework.security.web.FilterChainProxy.doFilter(FilterChainProxy.java:191) ~[spring-security-web-6.4.1.jar:6.4.1]
	at org.springframework.web.filter.CompositeFilter$VirtualFilterChain.doFilter(CompositeFilter.java:113) ~[spring-web-6.2.0.jar:6.2.0]
	at org.springframework.web.servlet.handler.HandlerMappingIntrospector.lambda$createCacheFilter$3(HandlerMappingIntrospector.java:243) ~[spring-webmvc-6.2.0.jar:6.2.0]
	at org.springframework.web.filter.CompositeFilter$VirtualFilterChain.doFilter(CompositeFilter.java:113) ~[spring-web-6.2.0.jar:6.2.0]
	at org.springframework.web.filter.CompositeFilter.doFilter(CompositeFilter.java:74) ~[spring-web-6.2.0.jar:6.2.0]
	at org.springframework.security.config.annotation.web.configuration.WebMvcSecurityConfiguration$CompositeFilterChainProxy.doFilter(WebMvcSecurityConfiguration.java:238) ~[spring-security-config-6.4.1.jar:6.4.1]
	at org.springframework.web.filter.DelegatingFilterProxy.invokeDelegate(DelegatingFilterProxy.java:362) ~[spring-web-6.2.0.jar:6.2.0]
	at org.springframework.web.filter.DelegatingFilterProxy.doFilter(DelegatingFilterProxy.java:278) ~[spring-web-6.2.0.jar:6.2.0]
	at org.apache.catalina.core.ApplicationFilterChain.internalDoFilter(ApplicationFilterChain.java:164) ~[tomcat-embed-core-10.1.33.jar:10.1.33]
	at org.apache.catalina.core.ApplicationFilterChain.doFilter(ApplicationFilterChain.java:140) ~[tomcat-embed-core-10.1.33.jar:10.1.33]
	at org.springframework.web.filter.RequestContextFilter.doFilterInternal(RequestContextFilter.java:100) ~[spring-web-6.2.0.jar:6.2.0]
	at org.springframework.web.filter.OncePerRequestFilter.doFilter(OncePerRequestFilter.java:116) ~[spring-web-6.2.0.jar:6.2.0]
	at org.apache.catalina.core.ApplicationFilterChain.internalDoFilter(ApplicationFilterChain.java:164) ~[tomcat-embed-core-10.1.33.jar:10.1.33]
	at org.apache.catalina.core.ApplicationFilterChain.doFilter(ApplicationFilterChain.java:140) ~[tomcat-embed-core-10.1.33.jar:10.1.33]
	at org.springframework.web.filter.FormContentFilter.doFilterInternal(FormContentFilter.java:93) ~[spring-web-6.2.0.jar:6.2.0]
	at org.springframework.web.filter.OncePerRequestFilter.doFilter(OncePerRequestFilter.java:116) ~[spring-web-6.2.0.jar:6.2.0]
	at org.apache.catalina.core.ApplicationFilterChain.internalDoFilter(ApplicationFilterChain.java:164) ~[tomcat-embed-core-10.1.33.jar:10.1.33]
	at org.apache.catalina.core.ApplicationFilterChain.doFilter(ApplicationFilterChain.java:140) ~[tomcat-embed-core-10.1.33.jar:10.1.33]
	at org.springframework.web.filter.CharacterEncodingFilter.doFilterInternal(CharacterEncodingFilter.java:201) ~[spring-web-6.2.0.jar:6.2.0]
	at org.springframework.web.filter.OncePerRequestFilter.doFilter(OncePerRequestFilter.java:116) ~[spring-web-6.2.0.jar:6.2.0]
	at org.apache.catalina.core.ApplicationFilterChain.internalDoFilter(ApplicationFilterChain.java:164) ~[tomcat-embed-core-10.1.33.jar:10.1.33]
	at org.apache.catalina.core.ApplicationFilterChain.doFilter(ApplicationFilterChain.java:140) ~[tomcat-embed-core-10.1.33.jar:10.1.33]
	at org.apache.catalina.core.StandardWrapperValve.invoke(StandardWrapperValve.java:167) ~[tomcat-embed-core-10.1.33.jar:10.1.33]
	at org.apache.catalina.core.StandardContextValve.invoke(StandardContextValve.java:90) ~[tomcat-embed-core-10.1.33.jar:10.1.33]
	at org.apache.catalina.authenticator.AuthenticatorBase.invoke(AuthenticatorBase.java:483) ~[tomcat-embed-core-10.1.33.jar:10.1.33]
	at org.apache.catalina.core.StandardHostValve.invoke(StandardHostValve.java:115) ~[tomcat-embed-core-10.1.33.jar:10.1.33]
	at org.apache.catalina.valves.ErrorReportValve.invoke(ErrorReportValve.java:93) ~[tomcat-embed-core-10.1.33.jar:10.1.33]
	at org.apache.catalina.core.StandardEngineValve.invoke(StandardEngineValve.java:74) ~[tomcat-embed-core-10.1.33.jar:10.1.33]
	at org.apache.catalina.connector.CoyoteAdapter.service(CoyoteAdapter.java:344) ~[tomcat-embed-core-10.1.33.jar:10.1.33]
	at org.apache.coyote.http11.Http11Processor.service(Http11Processor.java:397) ~[tomcat-embed-core-10.1.33.jar:10.1.33]
	at org.apache.coyote.AbstractProcessorLight.process(AbstractProcessorLight.java:63) ~[tomcat-embed-core-10.1.33.jar:10.1.33]
	at org.apache.coyote.AbstractProtocol$ConnectionHandler.process(AbstractProtocol.java:905) ~[tomcat-embed-core-10.1.33.jar:10.1.33]
	at org.apache.tomcat.util.net.NioEndpoint$SocketProcessor.doRun(NioEndpoint.java:1741) ~[tomcat-embed-core-10.1.33.jar:10.1.33]
	at org.apache.tomcat.util.net.SocketProcessorBase.run(SocketProcessorBase.java:52) ~[tomcat-embed-core-10.1.33.jar:10.1.33]
	at org.apache.tomcat.util.threads.ThreadPoolExecutor.runWorker(ThreadPoolExecutor.java:1190) ~[tomcat-embed-core-10.1.33.jar:10.1.33]
	at org.apache.tomcat.util.threads.ThreadPoolExecutor$Worker.run(ThreadPoolExecutor.java:659) ~[tomcat-embed-core-10.1.33.jar:10.1.33]
	at org.apache.tomcat.util.threads.TaskThread$WrappingRunnable.run(TaskThread.java:63) ~[tomcat-embed-core-10.1.33.jar:10.1.33]
	at java.base/java.lang.Thread.run(Thread.java:1583) ~[na:na]

2024-12-28T15:34:44.102+05:30  INFO 19076 --- [SMS] [http-nio-9090-exec-4] com.cts.sms.controller.UserController    : Login Process Started
2024-12-28T15:34:44.103+05:30  INFO 19076 --- [SMS] [http-nio-9090-exec-4] com.cts.sms.controller.UserController    : Verification started
2024-12-28T15:34:45.726+05:30  INFO 19076 --- [SMS] [http-nio-9090-exec-4] com.cts.sms.controller.UserController    : Verification done now checking for authentication
2024-12-28T15:34:45.727+05:30  INFO 19076 --- [SMS] [http-nio-9090-exec-4] com.cts.sms.controller.UserController    : User Details Found
2024-12-28T15:34:45.728+05:30  INFO 19076 --- [SMS] [http-nio-9090-exec-4] com.cts.sms.controller.UserController    : Authentication Successfull
2024-12-28T15:34:45.751+05:30  INFO 19076 --- [SMS] [http-nio-9090-exec-4] com.cts.sms.service.JWTService           : Kv1x6pz/P6JQDdubfOguE7ed4/jgFiAyzxM5CClcnAM=
2024-12-28T15:34:54.130+05:30  INFO 19076 --- [SMS] [http-nio-9090-exec-3] com.cts.sms.filter.JwtFilter             : eyJhbGciOiJIUzI1NiJ9.eyJyb2xlcyI6WyJST0xFX0FETUlOIl0sInN1YiI6ImFkbWluIiwiaWF0IjoxNzM1MzgwMjg1LCJleHAiOjE3MzUzODM4ODV9.lrHXEnVtN3ub7081fYvFR8QTh58AoOtaCXiWTP7w8Go
2024-12-28T15:34:54.130+05:30  INFO 19076 --- [SMS] [http-nio-9090-exec-3] com.cts.sms.service.JWTService           : Username extracted
2024-12-28T15:34:54.130+05:30  INFO 19076 --- [SMS] [http-nio-9090-exec-3] com.cts.sms.service.JWTService           : Extracting all the claims
2024-12-28T15:34:54.130+05:30  INFO 19076 --- [SMS] [http-nio-9090-exec-3] com.cts.sms.service.JWTService           : Kv1x6pz/P6JQDdubfOguE7ed4/jgFiAyzxM5CClcnAM=
2024-12-28T15:34:54.146+05:30  INFO 19076 --- [SMS] [http-nio-9090-exec-3] com.cts.sms.service.JWTService           : Claims extracted
2024-12-28T15:34:54.146+05:30  INFO 19076 --- [SMS] [http-nio-9090-exec-3] com.cts.sms.service.JWTService           : admin
2024-12-28T15:34:54.147+05:30  INFO 19076 --- [SMS] [http-nio-9090-exec-3] com.cts.sms.service.JWTService           : Extracting all the claims
2024-12-28T15:34:54.147+05:30  INFO 19076 --- [SMS] [http-nio-9090-exec-3] com.cts.sms.service.JWTService           : Kv1x6pz/P6JQDdubfOguE7ed4/jgFiAyzxM5CClcnAM=
2024-12-28T15:34:54.149+05:30  INFO 19076 --- [SMS] [http-nio-9090-exec-3] com.cts.sms.service.JWTService           : Claims extracted
2024-12-28T15:34:54.150+05:30  INFO 19076 --- [SMS] [http-nio-9090-exec-3] com.cts.sms.filter.JwtFilter             : admin
2024-12-28T15:34:54.150+05:30  INFO 19076 --- [SMS] [http-nio-9090-exec-3] com.cts.sms.filter.JwtFilter             : Token Authentication is done
2024-12-28T15:34:54.237+05:30  INFO 19076 --- [SMS] [http-nio-9090-exec-3] com.cts.sms.filter.JwtFilter             : User Details found
2024-12-28T15:34:54.238+05:30  INFO 19076 --- [SMS] [http-nio-9090-exec-3] com.cts.sms.service.JWTService           : Username extracted
2024-12-28T15:34:54.238+05:30  INFO 19076 --- [SMS] [http-nio-9090-exec-3] com.cts.sms.service.JWTService           : Extracting all the claims
2024-12-28T15:34:54.238+05:30  INFO 19076 --- [SMS] [http-nio-9090-exec-3] com.cts.sms.service.JWTService           : Kv1x6pz/P6JQDdubfOguE7ed4/jgFiAyzxM5CClcnAM=
2024-12-28T15:34:54.239+05:30  INFO 19076 --- [SMS] [http-nio-9090-exec-3] com.cts.sms.service.JWTService           : Claims extracted
2024-12-28T15:34:54.240+05:30  INFO 19076 --- [SMS] [http-nio-9090-exec-3] com.cts.sms.service.JWTService           : admin
2024-12-28T15:34:54.240+05:30  INFO 19076 --- [SMS] [http-nio-9090-exec-3] com.cts.sms.service.JWTService           : Extracting all the claims
2024-12-28T15:34:54.240+05:30  INFO 19076 --- [SMS] [http-nio-9090-exec-3] com.cts.sms.service.JWTService           : Kv1x6pz/P6JQDdubfOguE7ed4/jgFiAyzxM5CClcnAM=
2024-12-28T15:34:54.242+05:30  INFO 19076 --- [SMS] [http-nio-9090-exec-3] com.cts.sms.service.JWTService           : Claims extracted
2024-12-28T15:34:54.242+05:30  INFO 19076 --- [SMS] [http-nio-9090-exec-3] com.cts.sms.service.JWTService           : admin
2024-12-28T15:34:54.242+05:30  INFO 19076 --- [SMS] [http-nio-9090-exec-3] com.cts.sms.service.JWTService           : Token is validated
2024-12-28T15:34:54.242+05:30  INFO 19076 --- [SMS] [http-nio-9090-exec-3] com.cts.sms.service.JWTService           : admin
2024-12-28T15:34:54.242+05:30  INFO 19076 --- [SMS] [http-nio-9090-exec-3] com.cts.sms.service.JWTService           : Username isadmin
2024-12-28T15:34:54.242+05:30  INFO 19076 --- [SMS] [http-nio-9090-exec-3] com.cts.sms.service.JWTService           : Validating the expiry of the token
2024-12-28T15:34:54.243+05:30  INFO 19076 --- [SMS] [http-nio-9090-exec-3] com.cts.sms.service.JWTService           : Extracting the expiration
2024-12-28T15:34:54.243+05:30  INFO 19076 --- [SMS] [http-nio-9090-exec-3] com.cts.sms.service.JWTService           : Extracting all the claims
2024-12-28T15:34:54.244+05:30  INFO 19076 --- [SMS] [http-nio-9090-exec-3] com.cts.sms.service.JWTService           : Kv1x6pz/P6JQDdubfOguE7ed4/jgFiAyzxM5CClcnAM=
2024-12-28T15:34:54.245+05:30  INFO 19076 --- [SMS] [http-nio-9090-exec-3] com.cts.sms.service.JWTService           : Claims extracted
2024-12-28T15:34:54.245+05:30  INFO 19076 --- [SMS] [http-nio-9090-exec-3] com.cts.sms.service.JWTService           : token is valid
2024-12-28T15:34:54.245+05:30  INFO 19076 --- [SMS] [http-nio-9090-exec-3] com.cts.sms.service.JWTService           : Validating the expiry of the token
2024-12-28T15:34:54.246+05:30  INFO 19076 --- [SMS] [http-nio-9090-exec-3] com.cts.sms.service.JWTService           : Extracting the expiration
2024-12-28T15:34:54.246+05:30  INFO 19076 --- [SMS] [http-nio-9090-exec-3] com.cts.sms.service.JWTService           : Extracting all the claims
2024-12-28T15:34:54.246+05:30  INFO 19076 --- [SMS] [http-nio-9090-exec-3] com.cts.sms.service.JWTService           : Kv1x6pz/P6JQDdubfOguE7ed4/jgFiAyzxM5CClcnAM=
2024-12-28T15:34:54.247+05:30  INFO 19076 --- [SMS] [http-nio-9090-exec-3] com.cts.sms.service.JWTService           : Claims extracted
2024-12-28T15:34:54.247+05:30  INFO 19076 --- [SMS] [http-nio-9090-exec-3] com.cts.sms.service.JWTService           : Extracting all the claims
2024-12-28T15:34:54.248+05:30  INFO 19076 --- [SMS] [http-nio-9090-exec-3] com.cts.sms.service.JWTService           : Kv1x6pz/P6JQDdubfOguE7ed4/jgFiAyzxM5CClcnAM=
2024-12-28T15:34:54.250+05:30  INFO 19076 --- [SMS] [http-nio-9090-exec-3] com.cts.sms.filter.JwtFilter             : Username Password Verified
2024-12-28T15:34:54.251+05:30  INFO 19076 --- [SMS] [http-nio-9090-exec-3] com.cts.sms.filter.JwtFilter             : Token Authenticated
2024-12-28T15:34:54.340+05:30  INFO 19076 --- [SMS] [http-nio-9090-exec-3] c.cts.sms.controller.StudentController   : Students list fetched.
2024-12-28T15:35:02.207+05:30  INFO 19076 --- [SMS] [RMI TCP Connection(10)-127.0.0.1] inMXBeanRegistrar$SpringApplicationAdmin : Application shutdown requested.
2024-12-28T15:35:02.212+05:30  INFO 19076 --- [SMS] [RMI TCP Connection(10)-127.0.0.1] o.s.b.w.e.tomcat.GracefulShutdown        : Commencing graceful shutdown. Waiting for active requests to complete
2024-12-28T15:35:02.226+05:30  INFO 19076 --- [SMS] [tomcat-shutdown] o.s.b.w.e.tomcat.GracefulShutdown        : Graceful shutdown complete
2024-12-28T15:35:02.230+05:30  INFO 19076 --- [SMS] [RMI TCP Connection(10)-127.0.0.1] j.LocalContainerEntityManagerFactoryBean : Closing JPA EntityManagerFactory for persistence unit 'default'
2024-12-28T15:35:02.236+05:30  INFO 19076 --- [SMS] [RMI TCP Connection(10)-127.0.0.1] com.zaxxer.hikari.HikariDataSource       : HikariPool-1 - Shutdown initiated...
2024-12-28T15:35:02.243+05:30  INFO 19076 --- [SMS] [RMI TCP Connection(10)-127.0.0.1] com.zaxxer.hikari.HikariDataSource       : HikariPool-1 - Shutdown completed.
